Sat Jun 29 19:50:01 CEST 2013: Sauer is not online
Sat Jun 29 19:55:01 CEST 2013: Sauer is not online
Sat Jun 29 20:00:01 CEST 2013: Sauer is not online
Sat Jun 29 20:05:01 CEST 2013: Sauer is not online
Sat Jun 29 20:10:01 CEST 2013: Sauer is not online
Sat Jun 29 20:15:01 CEST 2013: Sauer is not online
Sat Jun 29 20:20:01 CEST 2013: Sauer is not online
Sat Jun 29 20:25:01 CEST 2013: Sauer is not online
Sat Jun 29 20:30:01 CEST 2013: Sauer is online: AUA1302:1126562:Christoph Sauer LOWW:PILOT::48.12003:16.55880:607:0::0::::EUROPE-CE:100:1:1200::::::::::::::::::::20130629182410:296:30.001:1015:
Sat Jun 29 20:35:01 CEST 2013: Sauer is online: AUA1302:1126562:Christoph Sauer LOWW:PILOT::48.12003:16.55880:607:0::0::::EUROPE-CE:100:1:1200::::::::::::::::::::20130629182410:296:30.001:1015:
Sat Jun 29 20:40:01 CEST 2013: Sauer is online: AUA1302:1126562:Christoph Sauer LOWW:PILOT::48.12003:16.55880:607:0::0::::EUROPE-CE:100:1:1200::::::::::::::::::::20130629182410:296:30.001:1015:
Sat Jun 29 20:45:01 CEST 2013: Sauer is online: AUA1302:1126562:Christoph Sauer LOWW:PILOT::48.12003:16.55880:607:0::0::::EUROPE-CE:100:1:1200::::::::::::::::::::20130629182410:296:30.001:1015:
Sat Jun 29 20:50:01 CEST 2013: Sauer is online: AUA1302:1126562:Christoph Sauer LOWW:PILOT::48.12003:16.55880:607:0::0::::EUROPE-CE:100:1:1200::::::::::::::::::::20130629182410:296:30.001:1015:
Sat Jun 29 20:55:01 CEST 2013: Sauer is online: AUA1302:1126562:Christoph Sauer LOWW:PILOT::48.12003:16.55880:607:0::0::::EUROPE-CE:100:1:1200::::::::::::::::::::20130629182410:296:30.001:1015:
Sat Jun 29 21:00:02 CEST 2013: Sauer is online: AUA1302:1126562:Christoph Sauer LOWW:PILOT::48.12003:16.55880:607:0::0::::EUROPE-CE:100:1:1200::::::::::::::::::::20130629182410:296:30.001:1015:
Sat Jun 29 21:05:01 CEST 2013: Sauer is not online
Sat Jun 29 21:10:02 CEST 2013: Sauer is not online
Sat Jun 29 21:15:01 CEST 2013: Sauer is not online
Sat Jun 29 21:20:01 CEST 2013: Sauer is not online
Sat Jun 29 21:25:01 CEST 2013: Sauer is not online
Sat Jun 29 21:30:02 CEST 2013: Sauer is not online
Sat Jun 29 21:35:02 CEST 2013: Sauer is not online
Sat Jun 29 21:40:01 CEST 2013: Sauer is not online
Sat Jun 29 21:45:01 CEST 2013: Sauer is not online
Sat Jun 29 21:50:01 CEST 2013: Sauer is not online
Sat Jun 29 21:55:02 CEST 2013: Sauer is not online
Sat Jun 29 22:00:01 CEST 2013: Sauer is not online
Sat Jun 29 22:05:02 CEST 2013: Sauer is not online
Sat Jun 29 22:10:01 CEST 2013: Sauer is not online
Sat Jun 29 22:15:01 CEST 2013: Sauer is not online
Sat Jun 29 22:20:02 CEST 2013: Sauer is not online
Sat Jun 29 22:25:01 CEST 2013: Sauer is not online
Sat Jun 29 22:30:01 CEST 2013: Sauer is not online
Sat Jun 29 22:35:02 CEST 2013: Sauer is not online
Sat Jun 29 22:40:01 CEST 2013: Sauer is not online
Sat Jun 29 22:45:02 CEST 2013: Sauer is not online
Sat Jun 29 22:50:01 CEST 2013: Sauer is not online
Sat Jun 29 22:55:01 CEST 2013: Sauer is not online
Sat Jun 29 23:00:02 CEST 2013: Sauer is not online
Sat Jun 29 23:05:02 CEST 2013: Sauer is not online
Sat Jun 29 23:10:01 CEST 2013: Sauer is not online
Sat Jun 29 23:15:01 CEST 2013: Sauer is not online
Sat Jun 29 23:20:01 CEST 2013: Sauer is not online
Sat Jun 29 23:25:01 CEST 2013: Sauer is not online
Sat Jun 29 23:30:01 CEST 2013: Sauer is not online
Sat Jun 29 23:35:01 CEST 2013: Sauer is not online
Sat Jun 29 23:40:01 CEST 2013: Sauer is not online
Sat Jun 29 23:45:01 CEST 2013: Sauer is not online
Sat Jun 29 23:50:01 CEST 2013: Sauer is not online
Sat Jun 29 23:55:01 CEST 2013: Sauer is not online
Sun Jun 30 00:00:01 CEST 2013: Sauer is not online
Sun Jun 30 00:05:02 CEST 2013: Sauer is not online
Sun Jun 30 00:10:01 CEST 2013: Sauer is not online
Sun Jun 30 00:15:01 CEST 2013: Sauer is not online
Sun Jun 30 00:20:01 CEST 2013: Sauer is not online
Sun Jun 30 00:25:01 CEST 2013: Sauer is not online
Sun Jun 30 00:30:02 CEST 2013: Sauer is not online
Sun Jun 30 00:35:02 CEST 2013: Sauer is not online
Sun Jun 30 00:40:02 CEST 2013: Sauer is not online
Sun Jun 30 00:45:01 CEST 2013: Sauer is not online
Sun Jun 30 00:50:01 CEST 2013: Sauer is not online
Sun Jun 30 00:55:01 CEST 2013: Sauer is not online
Sun Jun 30 01:00:02 CEST 2013: Sauer is not online
Sun Jun 30 01:05:01 CEST 2013: Sauer is not online
Sun Jun 30 01:10:01 CEST 2013: Sauer is not online
Sun Jun 30 01:15:01 CEST 2013: Sauer is not online
Sun Jun 30 01:20:01 CEST 2013: Sauer is not online
Sun Jun 30 01:25:02 CEST 2013: Sauer is not online
Sun Jun 30 01:30:02 CEST 2013: Sauer is not online
Sun Jun 30 01:35:01 CEST 2013: Sauer is not online
Sun Jun 30 01:40:02 CEST 2013: Sauer is not online
Sun Jun 30 01:45:02 CEST 2013: Sauer is not online
Sun Jun 30 01:50:01 CEST 2013: Sauer is not online
Sun Jun 30 01:55:02 CEST 2013: Sauer is not online
Sun Jun 30 02:00:02 CEST 2013: Sauer is not online
Sun Jun 30 02:05:01 CEST 2013: Sauer is not online
Sun Jun 30 02:10:02 CEST 2013: Sauer is not online
Sun Jun 30 02:15:01 CEST 2013: Sauer is not online
Sun Jun 30 02:20:02 CEST 2013: Sauer is not online
Sun Jun 30 02:25:01 CEST 2013: Sauer is not online
Sun Jun 30 02:30:02 CEST 2013: Sauer is not online
Sun Jun 30 02:35:01 CEST 2013: Sauer is not online
Sun Jun 30 02:40:02 CEST 2013: Sauer is not online
Sun Jun 30 02:45:01 CEST 2013: Sauer is not online
Sun Jun 30 02:50:02 CEST 2013: Sauer is not online
Sun Jun 30 02:55:01 CEST 2013: Sauer is not online
Sun Jun 30 03:00:02 CEST 2013: Sauer is not online
Sun Jun 30 03:05:01 CEST 2013: Sauer is not online
Sun Jun 30 03:10:01 CEST 2013: Sauer is not online
Sun Jun 30 03:15:01 CEST 2013: Sauer is not online
Sun Jun 30 03:20:02 CEST 2013: Sauer is not online
Sun Jun 30 03:25:01 CEST 2013: Sauer is not online
Sun Jun 30 03:30:02 CEST 2013: Sauer is not online
Sun Jun 30 03:35:01 CEST 2013: Sauer is not online
Sun Jun 30 03:40:01 CEST 2013: Sauer is not online
Sun Jun 30 03:45:01 CEST 2013: Sauer is not online
Sun Jun 30 03:50:01 CEST 2013: Sauer is not online
Sun Jun 30 03:55:01 CEST 2013: Sauer is not online
Sun Jun 30 04:00:01 CEST 2013: Sauer is not online
Sun Jun 30 04:05:01 CEST 2013: Sauer is not online
Sun Jun 30 04:10:01 CEST 2013: Sauer is not online
Sun Jun 30 04:15:02 CEST 2013: Sauer is not online
Sun Jun 30 04:20:01 CEST 2013: Sauer is not online
Sun Jun 30 04:25:01 CEST 2013: Sauer is not online
Sun Jun 30 04:30:01 CEST 2013: Sauer is not online
Sun Jun 30 04:35:01 CEST 2013: Sauer is not online
Sun Jun 30 04:40:01 CEST 2013: Sauer is not online
Sun Jun 30 04:45:01 CEST 2013: Sauer is not online
Sun Jun 30 04:50:02 CEST 2013: Sauer is not online
Sun Jun 30 04:55:01 CEST 2013: Sauer is not online
Sun Jun 30 05:00:01 CEST 2013: Sauer is not online
Sun Jun 30 05:05:01 CEST 2013: Sauer is not online
Sun Jun 30 05:10:01 CEST 2013: Sauer is not online
Sun Jun 30 05:15:02 CEST 2013: Sauer is not online
Sun Jun 30 05:20:02 CEST 2013: Sauer is not online
Sun Jun 30 05:25:01 CEST 2013: Sauer is not online
Sun Jun 30 05:30:01 CEST 2013: Sauer is not online
Sun Jun 30 05:35:01 CEST 2013: Sauer is not online
Sun Jun 30 05:40:02 CEST 2013: Sauer is not online
Sun Jun 30 05:45:01 CEST 2013: Sauer is not online
Sun Jun 30 05:50:02 CEST 2013: Sauer is not online
Sun Jun 30 05:55:02 CEST 2013: Sauer is not online
Sun Jun 30 06:00:01 CEST 2013: Sauer is not online
Sun Jun 30 06:05:02 CEST 2013: Sauer is not online
Sun Jun 30 06:10:01 CEST 2013: Sauer is not online
Sun Jun 30 06:15:01 CEST 2013: Sauer is not online
Sun Jun 30 06:20:01 CEST 2013: Sauer is not online
Sun Jun 30 06:25:01 CEST 2013: Sauer is not online
Sun Jun 30 06:30:02 CEST 2013: Sauer is not online
Sun Jun 30 06:35:01 CEST 2013: Sauer is not online
Sun Jun 30 06:40:01 CEST 2013: Sauer is not online
Sun Jun 30 06:45:01 CEST 2013: Sauer is not online
Sun Jun 30 06:50:01 CEST 2013: Sauer is not online
Sun Jun 30 06:55:01 CEST 2013: Sauer is not online
Sun Jun 30 07:00:02 CEST 2013: Sauer is not online
Sun Jun 30 07:05:02 CEST 2013: Sauer is not online
Sun Jun 30 07:10:02 CEST 2013: Sauer is not online
Sun Jun 30 07:15:01 CEST 2013: Sauer is not online
Sun Jun 30 07:20:01 CEST 2013: Sauer is not online
Sun Jun 30 07:25:01 CEST 2013: Sauer is not online
Sun Jun 30 07:30:01 CEST 2013: Sauer is not online
Sun Jun 30 07:35:01 CEST 2013: Sauer is not online
Sun Jun 30 07:40:02 CEST 2013: Sauer is not online
Sun Jun 30 07:45:02 CEST 2013: Sauer is not online
Sun Jun 30 07:50:01 CEST 2013: Sauer is not online
Sun Jun 30 07:55:01 CEST 2013: Sauer is not online
Sun Jun 30 08:00:01 CEST 2013: Sauer is not online
Sun Jun 30 08:05:01 CEST 2013: Sauer is not online
Sun Jun 30 08:10:02 CEST 2013: Sauer is not online
Sun Jun 30 08:15:01 CEST 2013: Sauer is not online
Sun Jun 30 08:20:01 CEST 2013: Sauer is not online
Sun Jun 30 08:25:02 CEST 2013: Sauer is not online
Sun Jun 30 08:30:01 CEST 2013: Sauer is not online
Sun Jun 30 08:35:01 CEST 2013: Sauer is not online
Sun Jun 30 08:40:01 CEST 2013: Sauer is not online
Sun Jun 30 08:45:01 CEST 2013: Sauer is not online
Sun Jun 30 08:50:01 CEST 2013: Sauer is not online
Sun Jun 30 08:55:01 CEST 2013: Sauer is not online
Sun Jun 30 09:00:01 CEST 2013: Sauer is not online
Sun Jun 30 09:05:01 CEST 2013: Sauer is not online
Sun Jun 30 09:10:01 CEST 2013: Sauer is not online
Sun Jun 30 09:15:02 CEST 2013: Sauer is not online
Sun Jun 30 09:20:01 CEST 2013: Sauer is not online
Sun Jun 30 09:25:01 CEST 2013: Sauer is not online
Sun Jun 30 09:30:01 CEST 2013: Sauer is not online
Sun Jun 30 09:35:01 CEST 2013: Sauer is not online
Sun Jun 30 09:40:02 CEST 2013: Sauer is not online
Sun Jun 30 09:45:01 CEST 2013: Sauer is not online
Sun Jun 30 09:50:02 CEST 2013: Sauer is not online
Sun Jun 30 09:55:01 CEST 2013: Sauer is not online
Sun Jun 30 10:00:02 CEST 2013: Sauer is not online
Sun Jun 30 10:05:01 CEST 2013: Sauer is not online
Sun Jun 30 10:10:02 CEST 2013: Sauer is not online
Sun Jun 30 10:15:02 CEST 2013: Sauer is not online
Sun Jun 30 10:20:01 CEST 2013: Sauer is not online
Sun Jun 30 10:25:01 CEST 2013: Sauer is not online
Sun Jun 30 10:30:02 CEST 2013: Sauer is not online
Sun Jun 30 10:35:02 CEST 2013: Sauer is not online
Sun Jun 30 10:40:01 CEST 2013: Sauer is not online
Sun Jun 30 10:45:01 CEST 2013: Sauer is not online
Sun Jun 30 10:50:02 CEST 2013: Sauer is not online
Sun Jun 30 10:55:01 CEST 2013: Sauer is not online
Sun Jun 30 11:00:02 CEST 2013: Sauer is not online
Sun Jun 30 11:05:01 CEST 2013: Sauer is not online
Sun Jun 30 11:10:01 CEST 2013: Sauer is not online
Sun Jun 30 11:15:01 CEST 2013: Sauer is not online
Sun Jun 30 11:20:02 CEST 2013: Sauer is not online
Sun Jun 30 11:25:01 CEST 2013: Sauer is not online
Sun Jun 30 11:30:02 CEST 2013: Sauer is not online
Sun Jun 30 11:35:01 CEST 2013: Sauer is not online
Sun Jun 30 11:40:01 CEST 2013: Sauer is not online
Sun Jun 30 11:45:01 CEST 2013: Sauer is not online
Sun Jun 30 11:50:02 CEST 2013: Sauer is not online
Sun Jun 30 11:55:01 CEST 2013: Sauer is not online
Sun Jun 30 12:00:01 CEST 2013: Sauer is not online
Sun Jun 30 12:05:01 CEST 2013: Sauer is not online
Sun Jun 30 12:10:02 CEST 2013: Sauer is not online
Sun Jun 30 12:15:01 CEST 2013: Sauer is not online
Sun Jun 30 12:20:01 CEST 2013: Sauer is not online
Sun Jun 30 12:25:02 CEST 2013: Sauer is not online
Sun Jun 30 12:30:01 CEST 2013: Sauer is not online
Sun Jun 30 12:35:01 CEST 2013: Sauer is not online
Sun Jun 30 12:40:01 CEST 2013: Sauer is not online
Sun Jun 30 12:45:01 CEST 2013: Sauer is not online
Sun Jun 30 12:50:01 CEST 2013: Sauer is not online
Sun Jun 30 12:55:02 CEST 2013: Sauer is not online
Sun Jun 30 13:00:02 CEST 2013: Sauer is not online
Sun Jun 30 13:05:02 CEST 2013: Sauer is not online
Sun Jun 30 13:10:01 CEST 2013: Sauer is not online
Sun Jun 30 13:15:01 CEST 2013: Sauer is not online
Sun Jun 30 13:20:01 CEST 2013: Sauer is not online
Sun Jun 30 13:25:02 CEST 2013: Sauer is not online
Sun Jun 30 13:30:02 CEST 2013: Sauer is not online
Sun Jun 30 13:35:02 CEST 2013: Sauer is not online
Sun Jun 30 13:40:01 CEST 2013: Sauer is not online
Sun Jun 30 13:45:01 CEST 2013: Sauer is not online
Sun Jun 30 13:50:02 CEST 2013: Sauer is not online
Sun Jun 30 13:55:02 CEST 2013: Sauer is not online
Sun Jun 30 14:00:01 CEST 2013: Sauer is not online
Sun Jun 30 14:05:01 CEST 2013: Sauer is not online
Sun Jun 30 14:10:01 CEST 2013: Sauer is not online
Sun Jun 30 14:15:01 CEST 2013: Sauer is not online
Sun Jun 30 14:20:01 CEST 2013: Sauer is not online
Sun Jun 30 14:25:01 CEST 2013: Sauer is not online
Sun Jun 30 14:30:02 CEST 2013: Sauer is not online
Sun Jun 30 14:35:01 CEST 2013: Sauer is not online
Sun Jun 30 14:40:02 CEST 2013: Sauer is not online
Sun Jun 30 14:45:02 CEST 2013: Sauer is not online
Sun Jun 30 14:50:01 CEST 2013: Sauer is not online
Sun Jun 30 14:55:01 CEST 2013: Sauer is not online
Sun Jun 30 15:00:01 CEST 2013: Sauer is not online
Sun Jun 30 15:05:02 CEST 2013: Sauer is not online
Sun Jun 30 15:10:01 CEST 2013: Sauer is not online
Sun Jun 30 15:15:01 CEST 2013: Sauer is not online
Sun Jun 30 15:20:02 CEST 2013: Sauer is not online
Sun Jun 30 15:25:01 CEST 2013: Sauer is not online
Sun Jun 30 15:30:01 CEST 2013: Sauer is not online
Sun Jun 30 15:35:01 CEST 2013: Sauer is not online
Sun Jun 30 15:40:01 CEST 2013: Sauer is not online
Sun Jun 30 15:45:01 CEST 2013: Sauer is not online
Sun Jun 30 15:50:01 CEST 2013: Sauer is not online
Sun Jun 30 15:55:01 CEST 2013: Sauer is not online
Sun Jun 30 16:00:02 CEST 2013: Sauer is not online
Sun Jun 30 16:05:01 CEST 2013: Sauer is not online
Sun Jun 30 16:10:02 CEST 2013: Sauer is not online
Sun Jun 30 16:15:01 CEST 2013: Sauer is not online
Sun Jun 30 16:20:01 CEST 2013: Sauer is not online
Sun Jun 30 16:25:02 CEST 2013: Sauer is not online
Sun Jun 30 16:30:01 CEST 2013: Sauer is not online
Sun Jun 30 16:35:01 CEST 2013: Sauer is not online
Sun Jun 30 16:40:01 CEST 2013: Sauer is not online
Sun Jun 30 16:45:02 CEST 2013: Sauer is not online
Sun Jun 30 16:50:01 CEST 2013: Sauer is not online
Sun Jun 30 16:55:01 CEST 2013: Sauer is not online
Sun Jun 30 17:00:02 CEST 2013: Sauer is not online
Sun Jun 30 17:05:01 CEST 2013: Sauer is not online
Sun Jun 30 17:10:01 CEST 2013: Sauer is not online
Sun Jun 30 17:15:01 CEST 2013: Sauer is not online
Sun Jun 30 17:20:01 CEST 2013: Sauer is not online
Sun Jun 30 17:25:02 CEST 2013: Sauer is not online
Sun Jun 30 17:30:02 CEST 2013: Sauer is not online
Sun Jun 30 17:35:01 CEST 2013: Sauer is not online
Sun Jun 30 17:40:01 CEST 2013: Sauer is not online
Sun Jun 30 17:45:01 CEST 2013: Sauer is not online
Sun Jun 30 17:50:02 CEST 2013: Sauer is not online
Sun Jun 30 17:55:01 CEST 2013: Sauer is not online
Sun Jun 30 18:00:01 CEST 2013: Sauer is not online
Sun Jun 30 18:05:01 CEST 2013: Sauer is not online
Sun Jun 30 18:10:01 CEST 2013: Sauer is not online
Sun Jun 30 18:15:01 CEST 2013: Sauer is not online
Sun Jun 30 18:20:01 CEST 2013: Sauer is not online
Sun Jun 30 18:25:02 CEST 2013: Sauer is not online
Sun Jun 30 18:30:01 CEST 2013: Sauer is not online
Sun Jun 30 18:35:01 CEST 2013: Sauer is not online
Sun Jun 30 18:40:01 CEST 2013: Sauer is not online
Sun Jun 30 18:45:02 CEST 2013: Sauer is not online
Sun Jun 30 18:50:01 CEST 2013: Sauer is not online
Sun Jun 30 18:55:01 CEST 2013: Sauer is not online
Sun Jun 30 19:00:02 CEST 2013: Sauer is not online
Sun Jun 30 19:05:02 CEST 2013: Sauer is not online
Sun Jun 30 19:10:02 CEST 2013: Sauer is not online
Sun Jun 30 19:15:02 CEST 2013: Sauer is not online
Sun Jun 30 19:20:01 CEST 2013: Sauer is not online
Sun Jun 30 19:25:02 CEST 2013: Sauer is not online
Sun Jun 30 19:30:01 CEST 2013: Sauer is not online
Sun Jun 30 19:35:01 CEST 2013: Sauer is not online
Sun Jun 30 19:40:01 CEST 2013: Sauer is not online
Sun Jun 30 19:45:01 CEST 2013: Sauer is not online
Sun Jun 30 19:50:01 CEST 2013: Sauer is not online
Sun Jun 30 19:55:01 CEST 2013: Sauer is not online
Sun Jun 30 20:00:01 CEST 2013: Sauer is not online
Sun Jun 30 20:05:01 CEST 2013: Sauer is not online
Sun Jun 30 20:10:01 CEST 2013: Sauer is not online
Sun Jun 30 20:15:01 CEST 2013: Sauer is not online
Sun Jun 30 20:20:01 CEST 2013: Sauer is not online
Sun Jun 30 20:25:01 CEST 2013: Sauer is not online
Sun Jun 30 20:30:01 CEST 2013: Sauer is not online
Sun Jun 30 20:35:01 CEST 2013: Sauer is not online
Sun Jun 30 20:40:01 CEST 2013: Sauer is not online
Sun Jun 30 20:45:01 CEST 2013: Sauer is not online
Sun Jun 30 20:50:02 CEST 2013: Sauer is not online
Sun Jun 30 20:55:02 CEST 2013: Sauer is not online
Sun Jun 30 21:00:02 CEST 2013: Sauer is not online
Sun Jun 30 21:05:01 CEST 2013: Sauer is not online
Sun Jun 30 21:10:01 CEST 2013: Sauer is not online
Sun Jun 30 21:15:02 CEST 2013: Sauer is not online
Sun Jun 30 21:20:01 CEST 2013: Sauer is not online
Sun Jun 30 21:25:02 CEST 2013: Sauer is not online
Sun Jun 30 21:30:02 CEST 2013: Sauer is not online
Sun Jun 30 21:35:01 CEST 2013: Sauer is not online
Sun Jun 30 21:40:01 CEST 2013: Sauer is not online
Sun Jun 30 21:45:01 CEST 2013: Sauer is not online
Sun Jun 30 21:50:01 CEST 2013: Sauer is not online
Sun Jun 30 21:55:02 CEST 2013: Sauer is not online
Sun Jun 30 22:00:01 CEST 2013: Sauer is not online
Sun Jun 30 22:05:01 CEST 2013: Sauer is not online
Sun Jun 30 22:10:01 CEST 2013: Sauer is not online
Sun Jun 30 22:15:02 CEST 2013: Sauer is not online
Sun Jun 30 22:20:01 CEST 2013: Sauer is not online
Sun Jun 30 22:25:01 CEST 2013: Sauer is not online
Sun Jun 30 22:30:02 CEST 2013: Sauer is not online
Sun Jun 30 22:35:02 CEST 2013: Sauer is not online
Sun Jun 30 22:40:01 CEST 2013: Sauer is not online
Sun Jun 30 22:45:01 CEST 2013: Sauer is not online
Sun Jun 30 22:50:01 CEST 2013: Sauer is not online
Sun Jun 30 22:55:01 CEST 2013: Sauer is not online
Sun Jun 30 23:00:02 CEST 2013: Sauer is not online
Sun Jun 30 23:05:02 CEST 2013: Sauer is not online
Sun Jun 30 23:10:02 CEST 2013: Sauer is not online
Sun Jun 30 23:15:02 CEST 2013: Sauer is not online
Sun Jun 30 23:20:01 CEST 2013: Sauer is not online
Sun Jun 30 23:25:02 CEST 2013: Sauer is not online
Sun Jun 30 23:30:02 CEST 2013: Sauer is not online
Sun Jun 30 23:35:02 CEST 2013: Sauer is not online
Sun Jun 30 23:40:01 CEST 2013: Sauer is not online
Sun Jun 30 23:45:01 CEST 2013: Sauer is not online
Sun Jun 30 23:50:01 CEST 2013: Sauer is not online
Sun Jun 30 23:55:01 CEST 2013: Sauer is not online
Mon Jul  1 00:00:01 CEST 2013: Sauer is not online
Mon Jul  1 00:05:01 CEST 2013: Sauer is not online
Mon Jul  1 00:10:01 CEST 2013: Sauer is not online
Mon Jul  1 00:15:01 CEST 2013: Sauer is not online
Mon Jul  1 00:20:01 CEST 2013: Sauer is not online
Mon Jul  1 00:25:01 CEST 2013: Sauer is not online
Mon Jul  1 00:30:01 CEST 2013: Sauer is not online
Mon Jul  1 00:35:01 CEST 2013: Sauer is not online
Mon Jul  1 00:40:01 CEST 2013: Sauer is not online
Mon Jul  1 00:45:01 CEST 2013: Sauer is not online
Mon Jul  1 00:50:01 CEST 2013: Sauer is not online
Mon Jul  1 00:55:01 CEST 2013: Sauer is not online
Mon Jul  1 01:00:01 CEST 2013: Sauer is not online
Mon Jul  1 01:05:01 CEST 2013: Sauer is not online
Mon Jul  1 01:10:02 CEST 2013: Sauer is not online
Mon Jul  1 01:15:02 CEST 2013: Sauer is not online
Mon Jul  1 01:20:01 CEST 2013: Sauer is not online
Mon Jul  1 01:25:01 CEST 2013: Sauer is not online
Mon Jul  1 01:30:01 CEST 2013: Sauer is not online
Mon Jul  1 01:35:01 CEST 2013: Sauer is not online
Mon Jul  1 01:40:01 CEST 2013: Sauer is not online
Mon Jul  1 01:45:01 CEST 2013: Sauer is not online
Mon Jul  1 01:50:01 CEST 2013: Sauer is not online
Mon Jul  1 01:55:01 CEST 2013: Sauer is not online
Mon Jul  1 02:00:01 CEST 2013: Sauer is not online
Mon Jul  1 02:05:01 CEST 2013: Sauer is not online
Mon Jul  1 02:10:01 CEST 2013: Sauer is not online
Mon Jul  1 02:15:02 CEST 2013: Sauer is not online
Mon Jul  1 02:20:01 CEST 2013: Sauer is not online
Mon Jul  1 02:25:01 CEST 2013: Sauer is not online
Mon Jul  1 02:30:02 CEST 2013: Sauer is not online
Mon Jul  1 02:35:02 CEST 2013: Sauer is not online
Mon Jul  1 02:40:01 CEST 2013: Sauer is not online
Mon Jul  1 02:45:01 CEST 2013: Sauer is not online
Mon Jul  1 02:50:02 CEST 2013: Sauer is not online
Mon Jul  1 02:55:01 CEST 2013: Sauer is not online
Mon Jul  1 03:00:01 CEST 2013: Sauer is not online
Mon Jul  1 03:05:01 CEST 2013: Sauer is not online
Mon Jul  1 03:10:02 CEST 2013: Sauer is not online
Mon Jul  1 03:15:02 CEST 2013: Sauer is not online
Mon Jul  1 03:20:02 CEST 2013: Sauer is not online
Mon Jul  1 03:25:01 CEST 2013: Sauer is not online
Mon Jul  1 03:30:02 CEST 2013: Sauer is not online
Mon Jul  1 03:35:02 CEST 2013: Sauer is not online
Mon Jul  1 03:40:01 CEST 2013: Sauer is not online
Mon Jul  1 03:45:01 CEST 2013: Sauer is not online
Mon Jul  1 03:50:01 CEST 2013: Sauer is not online
Mon Jul  1 03:55:01 CEST 2013: Sauer is not online
Mon Jul  1 04:00:02 CEST 2013: Sauer is not online
Mon Jul  1 04:05:01 CEST 2013: Sauer is not online
Mon Jul  1 04:10:01 CEST 2013: Sauer is not online
Mon Jul  1 04:15:01 CEST 2013: Sauer is not online
Mon Jul  1 04:20:01 CEST 2013: Sauer is not online
Mon Jul  1 04:25:01 CEST 2013: Sauer is not online
Mon Jul  1 04:30:01 CEST 2013: Sauer is not online
Mon Jul  1 04:35:01 CEST 2013: Sauer is not online
Mon Jul  1 04:40:01 CEST 2013: Sauer is not online
Mon Jul  1 04:45:01 CEST 2013: Sauer is not online
Mon Jul  1 04:50:01 CEST 2013: Sauer is not online
Mon Jul  1 04:55:01 CEST 2013: Sauer is not online
Mon Jul  1 05:00:01 CEST 2013: Sauer is not online
Mon Jul  1 05:05:01 CEST 2013: Sauer is not online
Mon Jul  1 05:10:01 CEST 2013: Sauer is not online
Mon Jul  1 05:15:02 CEST 2013: Sauer is not online
Mon Jul  1 05:20:01 CEST 2013: Sauer is not online
Mon Jul  1 05:25:01 CEST 2013: Sauer is not online
Mon Jul  1 05:30:02 CEST 2013: Sauer is not online
Mon Jul  1 05:35:01 CEST 2013: Sauer is not online
Mon Jul  1 05:40:01 CEST 2013: Sauer is not online
Mon Jul  1 05:45:02 CEST 2013: Sauer is not online
Mon Jul  1 05:50:01 CEST 2013: Sauer is not online
Mon Jul  1 05:55:01 CEST 2013: Sauer is not online
Mon Jul  1 06:00:02 CEST 2013: Sauer is not online
Mon Jul  1 06:05:01 CEST 2013: Sauer is not online
Mon Jul  1 06:10:02 CEST 2013: Sauer is not online
Mon Jul  1 06:15:01 CEST 2013: Sauer is not online
Mon Jul  1 06:20:01 CEST 2013: Sauer is not online
Mon Jul  1 06:25:02 CEST 2013: Sauer is not online
Mon Jul  1 06:30:01 CEST 2013: Sauer is not online
Mon Jul  1 06:35:01 CEST 2013: Sauer is not online
Mon Jul  1 06:40:02 CEST 2013: Sauer is not online
Mon Jul  1 06:45:01 CEST 2013: Sauer is not online
Mon Jul  1 06:50:02 CEST 2013: Sauer is not online
Mon Jul  1 06:55:02 CEST 2013: Sauer is not online
Mon Jul  1 07:00:02 CEST 2013: Sauer is not online
Mon Jul  1 07:05:02 CEST 2013: Sauer is not online
Mon Jul  1 07:10:01 CEST 2013: Sauer is not online
Mon Jul  1 07:15:02 CEST 2013: Sauer is not online
Mon Jul  1 07:20:02 CEST 2013: Sauer is not online
Mon Jul  1 07:25:02 CEST 2013: Sauer is not online
Mon Jul  1 07:30:01 CEST 2013: Sauer is not online
Mon Jul  1 07:35:01 CEST 2013: Sauer is not online
Mon Jul  1 07:40:01 CEST 2013: Sauer is not online
Mon Jul  1 07:45:01 CEST 2013: Sauer is not online
Mon Jul  1 07:50:01 CEST 2013: Sauer is not online
Mon Jul  1 07:55:02 CEST 2013: Sauer is not online
Mon Jul  1 08:00:01 CEST 2013: Sauer is not online
Mon Jul  1 08:05:01 CEST 2013: Sauer is not online
Mon Jul  1 08:10:01 CEST 2013: Sauer is not online
Mon Jul  1 08:15:01 CEST 2013: Sauer is not online
Mon Jul  1 08:20:02 CEST 2013: Sauer is not online
Mon Jul  1 08:25:01 CEST 2013: Sauer is not online
Mon Jul  1 08:30:01 CEST 2013: Sauer is not online
Mon Jul  1 08:35:01 CEST 2013: Sauer is not online
Mon Jul  1 08:40:01 CEST 2013: Sauer is not online
Mon Jul  1 08:45:02 CEST 2013: Sauer is not online
Mon Jul  1 08:50:02 CEST 2013: Sauer is not online
Mon Jul  1 08:55:01 CEST 2013: Sauer is not online
Mon Jul  1 09:00:01 CEST 2013: Sauer is not online
Mon Jul  1 09:05:01 CEST 2013: Sauer is not online
Mon Jul  1 09:10:01 CEST 2013: Sauer is not online
Mon Jul  1 09:15:02 CEST 2013: Sauer is not online
Mon Jul  1 09:20:01 CEST 2013: Sauer is not online
Mon Jul  1 09:25:01 CEST 2013: Sauer is not online
Mon Jul  1 09:30:02 CEST 2013: Sauer is not online
Mon Jul  1 09:35:01 CEST 2013: Sauer is not online
Mon Jul  1 09:40:01 CEST 2013: Sauer is not online
Mon Jul  1 09:45:01 CEST 2013: Sauer is not online
Mon Jul  1 09:50:01 CEST 2013: Sauer is not online
Mon Jul  1 09:55:01 CEST 2013: Sauer is not online
Mon Jul  1 10:00:01 CEST 2013: Sauer is not online
Mon Jul  1 10:05:01 CEST 2013: Sauer is not online
Mon Jul  1 10:10:02 CEST 2013: Sauer is not online
Mon Jul  1 10:15:01 CEST 2013: Sauer is not online
Mon Jul  1 10:20:01 CEST 2013: Sauer is not online
Mon Jul  1 10:25:01 CEST 2013: Sauer is not online
Mon Jul  1 10:30:02 CEST 2013: Sauer is not online
Mon Jul  1 10:35:02 CEST 2013: Sauer is not online
Mon Jul  1 10:40:01 CEST 2013: Sauer is not online
Mon Jul  1 10:45:02 CEST 2013: Sauer is not online
Mon Jul  1 10:50:02 CEST 2013: Sauer is not online
Mon Jul  1 10:55:01 CEST 2013: Sauer is not online
Mon Jul  1 11:00:01 CEST 2013: Sauer is not online
Mon Jul  1 11:05:01 CEST 2013: Sauer is not online
Mon Jul  1 11:10:01 CEST 2013: Sauer is not online
Mon Jul  1 11:15:02 CEST 2013: Sauer is not online
Mon Jul  1 11:20:01 CEST 2013: Sauer is not online
Mon Jul  1 11:25:01 CEST 2013: Sauer is not online
Mon Jul  1 11:30:02 CEST 2013: Sauer is not online
Mon Jul  1 11:35:02 CEST 2013: Sauer is not online
Mon Jul  1 11:40:01 CEST 2013: Sauer is not online
Mon Jul  1 11:45:02 CEST 2013: Sauer is not online
Mon Jul  1 11:50:01 CEST 2013: Sauer is not online
Mon Jul  1 11:55:01 CEST 2013: Sauer is not online
Mon Jul  1 12:00:01 CEST 2013: Sauer is not online
Mon Jul  1 12:05:01 CEST 2013: Sauer is not online
Mon Jul  1 12:10:01 CEST 2013: Sauer is not online
Mon Jul  1 12:15:01 CEST 2013: Sauer is not online
Mon Jul  1 12:20:02 CEST 2013: Sauer is not online
Mon Jul  1 12:25:01 CEST 2013: Sauer is not online
Mon Jul  1 12:30:01 CEST 2013: Sauer is not online
Mon Jul  1 12:35:01 CEST 2013: Sauer is not online
Mon Jul  1 12:40:01 CEST 2013: Sauer is not online
Mon Jul  1 12:45:01 CEST 2013: Sauer is not online
Mon Jul  1 12:50:02 CEST 2013: Sauer is not online
Mon Jul  1 12:55:01 CEST 2013: Sauer is not online
Mon Jul  1 13:00:02 CEST 2013: Sauer is not online
Mon Jul  1 13:05:01 CEST 2013: Sauer is not online
Mon Jul  1 13:10:01 CEST 2013: Sauer is not online
Mon Jul  1 13:15:01 CEST 2013: Sauer is not online
Mon Jul  1 13:20:02 CEST 2013: Sauer is not online
Mon Jul  1 13:25:02 CEST 2013: Sauer is not online
Mon Jul  1 13:30:01 CEST 2013: Sauer is not online
Mon Jul  1 13:35:01 CEST 2013: Sauer is not online
Mon Jul  1 13:40:02 CEST 2013: Sauer is not online
Mon Jul  1 13:45:01 CEST 2013: Sauer is not online
Mon Jul  1 13:50:02 CEST 2013: Sauer is not online
Mon Jul  1 13:55:01 CEST 2013: Sauer is not online
Mon Jul  1 14:00:01 CEST 2013: Sauer is not online
Mon Jul  1 14:05:02 CEST 2013: Sauer is not online
Mon Jul  1 14:10:01 CEST 2013: Sauer is not online
Mon Jul  1 14:15:02 CEST 2013: Sauer is not online
Mon Jul  1 14:20:01 CEST 2013: Sauer is not online
Mon Jul  1 14:25:02 CEST 2013: Sauer is not online
Mon Jul  1 14:30:01 CEST 2013: Sauer is not online
Mon Jul  1 14:35:02 CEST 2013: Sauer is not online
Mon Jul  1 14:40:02 CEST 2013: Sauer is not online
Mon Jul  1 14:45:01 CEST 2013: Sauer is not online
Mon Jul  1 14:50:02 CEST 2013: Sauer is not online
Mon Jul  1 14:55:01 CEST 2013: Sauer is not online
Mon Jul  1 15:00:02 CEST 2013: Sauer is not online
Mon Jul  1 15:05:01 CEST 2013: Sauer is not online
Mon Jul  1 15:10:02 CEST 2013: Sauer is not online
Mon Jul  1 15:15:01 CEST 2013: Sauer is not online
Mon Jul  1 15:20:01 CEST 2013: Sauer is not online
Mon Jul  1 15:25:02 CEST 2013: Sauer is not online
Mon Jul  1 15:30:01 CEST 2013: Sauer is not online
Mon Jul  1 15:35:01 CEST 2013: Sauer is not online
Mon Jul  1 15:40:02 CEST 2013: Sauer is not online
Mon Jul  1 15:45:01 CEST 2013: Sauer is not online
Mon Jul  1 15:50:01 CEST 2013: Sauer is not online
Mon Jul  1 15:55:01 CEST 2013: Sauer is not online
Mon Jul  1 16:00:01 CEST 2013: Sauer is not online
Mon Jul  1 16:05:01 CEST 2013: Sauer is not online
Mon Jul  1 16:10:01 CEST 2013: Sauer is not online
Mon Jul  1 16:15:01 CEST 2013: Sauer is not online
Mon Jul  1 16:20:01 CEST 2013: Sauer is not online
Mon Jul  1 16:25:01 CEST 2013: Sauer is not online
Mon Jul  1 16:30:01 CEST 2013: Sauer is not online
Mon Jul  1 16:35:01 CEST 2013: Sauer is not online
Mon Jul  1 16:40:01 CEST 2013: Sauer is not online
Mon Jul  1 16:45:02 CEST 2013: Sauer is not online
Mon Jul  1 16:50:01 CEST 2013: Sauer is not online
Mon Jul  1 16:55:01 CEST 2013: Sauer is not online
Mon Jul  1 17:00:01 CEST 2013: Sauer is not online
Mon Jul  1 17:05:01 CEST 2013: Sauer is not online
Mon Jul  1 17:10:02 CEST 2013: Sauer is not online
Mon Jul  1 17:15:01 CEST 2013: Sauer is not online
Mon Jul  1 17:20:01 CEST 2013: Sauer is not online
Mon Jul  1 17:25:01 CEST 2013: Sauer is not online
Mon Jul  1 17:30:01 CEST 2013: Sauer is not online
Mon Jul  1 17:35:01 CEST 2013: Sauer is not online
Mon Jul  1 17:40:01 CEST 2013: Sauer is not online
Mon Jul  1 17:45:01 CEST 2013: Sauer is not online
Mon Jul  1 17:50:01 CEST 2013: Sauer is not online
Mon Jul  1 17:55:01 CEST 2013: Sauer is not online
Mon Jul  1 18:00:01 CEST 2013: Sauer is not online
Mon Jul  1 18:05:02 CEST 2013: Sauer is not online
Mon Jul  1 18:10:01 CEST 2013: Sauer is not online
Mon Jul  1 18:15:02 CEST 2013: Sauer is not online
Mon Jul  1 18:20:01 CEST 2013: Sauer is not online
Mon Jul  1 18:25:02 CEST 2013: Sauer is not online
Mon Jul  1 18:30:02 CEST 2013: Sauer is not online
Mon Jul  1 18:35:01 CEST 2013: Sauer is not online
Mon Jul  1 18:40:01 CEST 2013: Sauer is not online
Mon Jul  1 18:45:02 CEST 2013: Sauer is not online
Mon Jul  1 18:50:01 CEST 2013: Sauer is not online
Mon Jul  1 18:55:01 CEST 2013: Sauer is not online
Mon Jul  1 19:00:02 CEST 2013: Sauer is not online
Mon Jul  1 19:05:02 CEST 2013: Sauer is not online
Mon Jul  1 19:10:01 CEST 2013: Sauer is not online
Mon Jul  1 19:15:02 CEST 2013: Sauer is not online
Mon Jul  1 19:20:02 CEST 2013: Sauer is not online
Mon Jul  1 19:25:02 CEST 2013: Sauer is not online
Mon Jul  1 19:30:02 CEST 2013: Sauer is not online
Mon Jul  1 19:35:02 CEST 2013: Sauer is not online
Mon Jul  1 19:40:01 CEST 2013: Sauer is not online
Mon Jul  1 19:45:02 CEST 2013: Sauer is not online
Mon Jul  1 19:50:02 CEST 2013: Sauer is not online
Mon Jul  1 19:55:01 CEST 2013: Sauer is not online
Mon Jul  1 20:00:01 CEST 2013: Sauer is not online
Mon Jul  1 20:05:01 CEST 2013: Sauer is not online
Mon Jul  1 20:10:01 CEST 2013: Sauer is not online
Mon Jul  1 20:15:01 CEST 2013: Sauer is not online
Mon Jul  1 20:20:01 CEST 2013: Sauer is not online
Mon Jul  1 20:25:01 CEST 2013: Sauer is not online
Mon Jul  1 20:30:01 CEST 2013: Sauer is not online
Mon Jul  1 20:35:01 CEST 2013: Sauer is not online
Mon Jul  1 20:40:01 CEST 2013: Sauer is not online
Mon Jul  1 20:45:01 CEST 2013: Sauer is not online
Mon Jul  1 20:50:01 CEST 2013: Sauer is not online
Mon Jul  1 20:55:01 CEST 2013: Sauer is not online
Mon Jul  1 21:00:01 CEST 2013: Sauer is not online
Mon Jul  1 21:05:01 CEST 2013: Sauer is not online
Mon Jul  1 21:10:01 CEST 2013: Sauer is not online
Mon Jul  1 21:15:01 CEST 2013: Sauer is not online
Mon Jul  1 21:20:01 CEST 2013: Sauer is not online
Mon Jul  1 21:25:01 CEST 2013: Sauer is not online
Mon Jul  1 21:30:01 CEST 2013: Sauer is not online
Mon Jul  1 21:35:01 CEST 2013: Sauer is online: AUA1302:1126562:Christoph Sauer LOWW:PILOT::48.12003:16.55880:607:0::0::::EUROPE-CE:100:1:1200::::::::::::::::::::20130701193059:296:30.089:1018:
Mon Jul  1 21:40:01 CEST 2013: Sauer is online: AUA1302:1126562:Christoph Sauer LOWW:PILOT::48.12003:16.55880:608:0::0::::EUROPE-CE:100:1:4610::::::::::::::::::::20130701193059:296:30.089:1018:
Mon Jul  1 21:45:01 CEST 2013: Sauer is online: AUA1302:1126562:Christoph Sauer LOWW:PILOT::48.12003:16.55880:608:0::0::::EUROPE-CE:100:1:4610::::::::::::::::::::20130701193059:296:30.089:1018:
Mon Jul  1 21:50:01 CEST 2013: Sauer is online: AUA1302:1126562:Christoph Sauer LOWW:PILOT::48.12003:16.55880:608:0::0::::EUROPE-CE:100:1:4610::::::::::::::::::::20130701193059:296:30.089:1018:
Mon Jul  1 21:55:01 CEST 2013: Sauer is online: AUA1302:1126562:Christoph Sauer LOWW:PILOT::48.12003:16.55880:608:0::0::::EUROPE-CE:100:1:4610::::::::::::::::::::20130701193059:296:30.089:1018:
Mon Jul  1 22:00:02 CEST 2013: Sauer is online: AUA1302:1126562:Christoph Sauer LOWW:PILOT::48.11970:16.55929:608:0::0::::EUROPE-CE:100:1:4610::::::::::::::::::::20130701193059:340:30.089:1018:
Mon Jul  1 22:05:01 CEST 2013: Sauer is online: AUA1302:1126562:Christoph Sauer LOWW:PILOT::48.11540:16.56263:608:19::0::::EUROPE-CE:100:1:4610::::::::::::::::::::20130701193059:114:30.089:1018:
Mon Jul  1 22:10:01 CEST 2013: Sauer is online: AUA1302:1126562:Christoph Sauer LOWW:PILOT::48.11215:16.56588:608:118::0::::EUROPE-CE:100:1:4610::::::::::::::::::::20130701193059:295:30.089:1018:
Mon Jul  1 22:15:01 CEST 2013: Sauer is online: AUA1302:1126562:Christoph Sauer LOWW:PILOT::48.32596:16.07162:14247:395::0::::EUROPE-CE:100:1:4610::::::::::::::::::::20130701193059:329:30.089:1018:
Mon Jul  1 22:20:02 CEST 2013: Sauer is not online
Mon Jul  1 22:25:01 CEST 2013: Sauer is not online
Mon Jul  1 22:30:02 CEST 2013: Sauer is not online
Mon Jul  1 22:35:01 CEST 2013: Sauer is online: AUA1302:1126562:Christoph Sauer LOWW:PILOT::53.63143:10.00334:60:0::0::::EUROPE-CE:100:1:1200::::::::::::::::::::20130701202921:90:29.916:1013:
Mon Jul  1 22:40:01 CEST 2013: Sauer is online: AUA1302:1126562:Christoph Sauer LOWW:PILOT::53.63143:10.00334:60:0::0::::EUROPE-CE:100:1:1200::::::::::::::::::::20130701202921:90:29.916:1013:
Mon Jul  1 22:45:01 CEST 2013: Sauer is online: AUA1302:1126562:Christoph Sauer LOWW:PILOT::53.63143:10.00334:60:0::0::::EUROPE-CE:100:1:1200::::::::::::::::::::20130701202921:90:29.916:1013:
Mon Jul  1 22:50:01 CEST 2013: Sauer is not online
Mon Jul  1 22:55:02 CEST 2013: Sauer is not online
Mon Jul  1 23:00:02 CEST 2013: Sauer is not online
Mon Jul  1 23:05:01 CEST 2013: Sauer is not online
Mon Jul  1 23:10:02 CEST 2013: Sauer is not online
Mon Jul  1 23:15:01 CEST 2013: Sauer is not online
Mon Jul  1 23:20:02 CEST 2013: Sauer is not online
Mon Jul  1 23:25:02 CEST 2013: Sauer is not online
Mon Jul  1 23:30:02 CEST 2013: Sauer is not online
Mon Jul  1 23:35:02 CEST 2013: Sauer is not online
Mon Jul  1 23:40:01 CEST 2013: Sauer is not online
Mon Jul  1 23:45:01 CEST 2013: Sauer is not online
Mon Jul  1 23:50:02 CEST 2013: Sauer is not online
Mon Jul  1 23:55:01 CEST 2013: Sauer is not online
Tue Jul  2 00:00:02 CEST 2013: Sauer is not online
Tue Jul  2 00:05:01 CEST 2013: Sauer is not online
Tue Jul  2 00:10:01 CEST 2013: Sauer is not online
Tue Jul  2 00:15:01 CEST 2013: Sauer is not online
Tue Jul  2 00:20:01 CEST 2013: Sauer is not online
Tue Jul  2 00:25:02 CEST 2013: Sauer is not online
Tue Jul  2 00:30:01 CEST 2013: Sauer is not online
Tue Jul  2 00:35:01 CEST 2013: Sauer is not online
Tue Jul  2 00:40:01 CEST 2013: Sauer is not online
Tue Jul  2 00:45:01 CEST 2013: Sauer is not online
Tue Jul  2 00:50:01 CEST 2013: Sauer is not online
Tue Jul  2 00:55:02 CEST 2013: Sauer is not online
Tue Jul  2 01:00:01 CEST 2013: Sauer is not online
Tue Jul  2 01:05:01 CEST 2013: Sauer is not online
Tue Jul  2 01:10:01 CEST 2013: Sauer is not online
Tue Jul  2 01:15:01 CEST 2013: Sauer is not online
Tue Jul  2 01:20:01 CEST 2013: Sauer is not online
Tue Jul  2 01:25:01 CEST 2013: Sauer is not online
Tue Jul  2 01:30:02 CEST 2013: Sauer is not online
Tue Jul  2 01:35:01 CEST 2013: Sauer is not online
Tue Jul  2 01:40:02 CEST 2013: Sauer is not online
Tue Jul  2 01:45:01 CEST 2013: Sauer is not online
Tue Jul  2 01:50:01 CEST 2013: Sauer is not online
Tue Jul  2 01:55:01 CEST 2013: Sauer is not online
Tue Jul  2 02:00:02 CEST 2013: Sauer is not online
Tue Jul  2 02:05:01 CEST 2013: Sauer is not online
Tue Jul  2 02:10:01 CEST 2013: Sauer is not online
Tue Jul  2 02:15:01 CEST 2013: Sauer is not online
Tue Jul  2 02:20:02 CEST 2013: Sauer is not online
Tue Jul  2 02:25:01 CEST 2013: Sauer is not online
Tue Jul  2 02:30:01 CEST 2013: Sauer is not online
Tue Jul  2 02:35:01 CEST 2013: Sauer is not online
Tue Jul  2 02:40:02 CEST 2013: Sauer is not online
Tue Jul  2 02:45:02 CEST 2013: Sauer is not online
Tue Jul  2 02:50:01 CEST 2013: Sauer is not online
Tue Jul  2 02:55:01 CEST 2013: Sauer is not online
Tue Jul  2 03:00:02 CEST 2013: Sauer is not online
Tue Jul  2 03:05:01 CEST 2013: Sauer is not online
Tue Jul  2 03:10:02 CEST 2013: Sauer is not online
Tue Jul  2 03:15:02 CEST 2013: Sauer is not online
Tue Jul  2 03:20:01 CEST 2013: Sauer is not online
Tue Jul  2 03:25:02 CEST 2013: Sauer is not online
Tue Jul  2 03:30:01 CEST 2013: Sauer is not online
Tue Jul  2 03:35:02 CEST 2013: Sauer is not online
Tue Jul  2 03:40:02 CEST 2013: Sauer is not online
Tue Jul  2 03:45:02 CEST 2013: Sauer is not online
Tue Jul  2 03:50:01 CEST 2013: Sauer is not online
Tue Jul  2 03:55:01 CEST 2013: Sauer is not online
Tue Jul  2 04:00:02 CEST 2013: Sauer is not online
Tue Jul  2 04:05:01 CEST 2013: Sauer is not online
Tue Jul  2 04:10:01 CEST 2013: Sauer is not online
Tue Jul  2 04:15:01 CEST 2013: Sauer is not online
Tue Jul  2 04:20:02 CEST 2013: Sauer is not online
Tue Jul  2 04:25:01 CEST 2013: Sauer is not online
Tue Jul  2 04:30:01 CEST 2013: Sauer is not online
Tue Jul  2 04:35:01 CEST 2013: Sauer is not online
Tue Jul  2 04:40:01 CEST 2013: Sauer is not online
Tue Jul  2 04:45:01 CEST 2013: Sauer is not online
Tue Jul  2 04:50:01 CEST 2013: Sauer is not online
Tue Jul  2 04:55:01 CEST 2013: Sauer is not online
Tue Jul  2 05:00:01 CEST 2013: Sauer is not online
Tue Jul  2 05:05:01 CEST 2013: Sauer is not online
Tue Jul  2 05:10:01 CEST 2013: Sauer is not online
Tue Jul  2 05:15:02 CEST 2013: Sauer is not online
Tue Jul  2 05:20:01 CEST 2013: Sauer is not online
Tue Jul  2 05:25:01 CEST 2013: Sauer is not online
Tue Jul  2 05:30:02 CEST 2013: Sauer is not online
Tue Jul  2 05:35:01 CEST 2013: Sauer is not online
Tue Jul  2 05:40:01 CEST 2013: Sauer is not online
Tue Jul  2 05:45:02 CEST 2013: Sauer is not online
Tue Jul  2 05:50:01 CEST 2013: Sauer is not online
Tue Jul  2 05:55:01 CEST 2013: Sauer is not online
Tue Jul  2 06:00:02 CEST 2013: Sauer is not online
Tue Jul  2 06:05:02 CEST 2013: Sauer is not online
Tue Jul  2 06:10:02 CEST 2013: Sauer is not online
Tue Jul  2 06:15:02 CEST 2013: Sauer is not online
Tue Jul  2 06:20:02 CEST 2013: Sauer is not online
Tue Jul  2 06:25:01 CEST 2013: Sauer is not online
Tue Jul  2 06:30:01 CEST 2013: Sauer is not online
Tue Jul  2 06:35:01 CEST 2013: Sauer is not online
Tue Jul  2 06:40:01 CEST 2013: Sauer is not online
Tue Jul  2 06:45:01 CEST 2013: Sauer is not online
Tue Jul  2 06:50:02 CEST 2013: Sauer is not online
Tue Jul  2 06:55:02 CEST 2013: Sauer is not online
Tue Jul  2 07:00:01 CEST 2013: Sauer is not online
Tue Jul  2 07:05:01 CEST 2013: Sauer is not online
Tue Jul  2 07:10:01 CEST 2013: Sauer is not online
Tue Jul  2 07:15:01 CEST 2013: Sauer is not online
Tue Jul  2 07:20:02 CEST 2013: Sauer is not online
Tue Jul  2 07:25:01 CEST 2013: Sauer is not online
Tue Jul  2 07:30:01 CEST 2013: Sauer is not online
Tue Jul  2 07:35:02 CEST 2013: Sauer is not online
Tue Jul  2 07:40:01 CEST 2013: Sauer is not online
Tue Jul  2 07:45:02 CEST 2013: Sauer is not online
Tue Jul  2 07:50:02 CEST 2013: Sauer is not online
Tue Jul  2 07:55:01 CEST 2013: Sauer is not online
Tue Jul  2 08:00:01 CEST 2013: Sauer is not online
Tue Jul  2 08:05:02 CEST 2013: Sauer is not online
Tue Jul  2 08:10:02 CEST 2013: Sauer is not online
Tue Jul  2 08:15:01 CEST 2013: Sauer is not online
Tue Jul  2 08:20:01 CEST 2013: Sauer is not online
Tue Jul  2 08:25:01 CEST 2013: Sauer is not online
Tue Jul  2 08:30:01 CEST 2013: Sauer is not online
Tue Jul  2 08:35:01 CEST 2013: Sauer is not online
Tue Jul  2 08:40:01 CEST 2013: Sauer is not online
Tue Jul  2 08:45:01 CEST 2013: Sauer is not online
Tue Jul  2 08:50:01 CEST 2013: Sauer is not online
Tue Jul  2 08:55:01 CEST 2013: Sauer is not online
Tue Jul  2 09:00:01 CEST 2013: Sauer is not online
Tue Jul  2 09:05:01 CEST 2013: Sauer is not online
Tue Jul  2 09:10:01 CEST 2013: Sauer is not online
Tue Jul  2 09:15:01 CEST 2013: Sauer is not online
Tue Jul  2 09:20:02 CEST 2013: Sauer is not online
Tue Jul  2 09:25:01 CEST 2013: Sauer is not online
Tue Jul  2 09:30:01 CEST 2013: Sauer is not online
Tue Jul  2 09:35:02 CEST 2013: Sauer is not online
Tue Jul  2 09:40:02 CEST 2013: Sauer is not online
Tue Jul  2 09:45:01 CEST 2013: Sauer is not online
Tue Jul  2 09:50:01 CEST 2013: Sauer is not online
Tue Jul  2 09:55:02 CEST 2013: Sauer is not online
Tue Jul  2 10:00:01 CEST 2013: Sauer is not online
Tue Jul  2 10:05:02 CEST 2013: Sauer is not online
Tue Jul  2 10:10:01 CEST 2013: Sauer is not online
Tue Jul  2 10:15:01 CEST 2013: Sauer is not online
Tue Jul  2 10:20:02 CEST 2013: Sauer is not online
Tue Jul  2 10:25:01 CEST 2013: Sauer is not online
Tue Jul  2 10:30:02 CEST 2013: Sauer is not online
Tue Jul  2 10:35:01 CEST 2013: Sauer is not online
Tue Jul  2 10:40:02 CEST 2013: Sauer is not online
Tue Jul  2 10:45:02 CEST 2013: Sauer is not online
Tue Jul  2 10:50:01 CEST 2013: Sauer is not online
Tue Jul  2 10:55:01 CEST 2013: Sauer is not online
Tue Jul  2 11:00:01 CEST 2013: Sauer is not online
Tue Jul  2 11:05:01 CEST 2013: Sauer is not online
Tue Jul  2 11:10:02 CEST 2013: Sauer is not online
Tue Jul  2 11:15:01 CEST 2013: Sauer is not online
Tue Jul  2 11:20:01 CEST 2013: Sauer is not online
Tue Jul  2 11:25:02 CEST 2013: Sauer is not online
Tue Jul  2 11:30:02 CEST 2013: Sauer is not online
Tue Jul  2 11:35:01 CEST 2013: Sauer is not online
Tue Jul  2 11:40:01 CEST 2013: Sauer is not online
Tue Jul  2 11:45:02 CEST 2013: Sauer is not online
Tue Jul  2 11:50:01 CEST 2013: Sauer is not online
Tue Jul  2 11:55:01 CEST 2013: Sauer is not online
Tue Jul  2 12:00:01 CEST 2013: Sauer is not online
Tue Jul  2 12:05:01 CEST 2013: Sauer is not online
Tue Jul  2 12:10:01 CEST 2013: Sauer is not online
Tue Jul  2 12:15:01 CEST 2013: Sauer is not online
Tue Jul  2 12:20:01 CEST 2013: Sauer is not online
Tue Jul  2 12:25:01 CEST 2013: Sauer is not online
Tue Jul  2 12:30:01 CEST 2013: Sauer is not online
Tue Jul  2 12:35:01 CEST 2013: Sauer is not online
Tue Jul  2 12:40:01 CEST 2013: Sauer is not online
Tue Jul  2 12:45:01 CEST 2013: Sauer is not online
Tue Jul  2 12:50:01 CEST 2013: Sauer is not online
Tue Jul  2 12:55:01 CEST 2013: Sauer is not online
Tue Jul  2 13:00:02 CEST 2013: Sauer is not online
Tue Jul  2 13:05:01 CEST 2013: Sauer is not online
Tue Jul  2 13:10:01 CEST 2013: Sauer is not online
Tue Jul  2 13:15:01 CEST 2013: Sauer is not online
Tue Jul  2 13:20:01 CEST 2013: Sauer is not online
Tue Jul  2 13:25:02 CEST 2013: Sauer is not online
Tue Jul  2 13:30:01 CEST 2013: Sauer is not online
Tue Jul  2 13:35:01 CEST 2013: Sauer is not online
Tue Jul  2 13:40:01 CEST 2013: Sauer is not online
Tue Jul  2 13:45:01 CEST 2013: Sauer is not online
Tue Jul  2 13:50:01 CEST 2013: Sauer is not online
Tue Jul  2 13:55:02 CEST 2013: Sauer is not online
Tue Jul  2 14:00:01 CEST 2013: Sauer is not online
Tue Jul  2 14:05:01 CEST 2013: Sauer is not online
Tue Jul  2 14:10:02 CEST 2013: Sauer is not online
Tue Jul  2 14:15:02 CEST 2013: Sauer is not online
Tue Jul  2 14:20:01 CEST 2013: Sauer is not online
Tue Jul  2 14:25:01 CEST 2013: Sauer is not online
Tue Jul  2 14:30:01 CEST 2013: Sauer is not online
Tue Jul  2 14:35:02 CEST 2013: Sauer is not online
Tue Jul  2 14:40:01 CEST 2013: Sauer is not online
Tue Jul  2 14:45:01 CEST 2013: Sauer is not online
Tue Jul  2 14:50:01 CEST 2013: Sauer is not online
Tue Jul  2 14:55:02 CEST 2013: Sauer is not online
Tue Jul  2 15:00:01 CEST 2013: Sauer is not online
Tue Jul  2 15:05:01 CEST 2013: Sauer is not online
Tue Jul  2 15:10:02 CEST 2013: Sauer is not online
Tue Jul  2 15:15:01 CEST 2013: Sauer is not online
Tue Jul  2 15:20:01 CEST 2013: Sauer is not online
Tue Jul  2 15:25:02 CEST 2013: Sauer is not online
Tue Jul  2 15:30:02 CEST 2013: Sauer is not online
Tue Jul  2 15:35:01 CEST 2013: Sauer is not online
Tue Jul  2 15:40:02 CEST 2013: Sauer is not online
Tue Jul  2 15:45:01 CEST 2013: Sauer is not online
Tue Jul  2 15:50:02 CEST 2013: Sauer is not online
Tue Jul  2 15:55:01 CEST 2013: Sauer is not online
Tue Jul  2 16:00:02 CEST 2013: Sauer is not online
Tue Jul  2 16:05:02 CEST 2013: Sauer is not online
Tue Jul  2 16:10:01 CEST 2013: Sauer is not online
Tue Jul  2 16:15:01 CEST 2013: Sauer is not online
Tue Jul  2 16:20:01 CEST 2013: Sauer is not online
Tue Jul  2 16:25:01 CEST 2013: Sauer is not online
Tue Jul  2 16:30:01 CEST 2013: Sauer is not online
Tue Jul  2 16:35:01 CEST 2013: Sauer is not online
Tue Jul  2 16:40:01 CEST 2013: Sauer is not online
Tue Jul  2 16:45:01 CEST 2013: Sauer is not online
Tue Jul  2 16:50:02 CEST 2013: Sauer is not online
Tue Jul  2 16:55:01 CEST 2013: Sauer is not online
Tue Jul  2 17:00:01 CEST 2013: Sauer is not online
Tue Jul  2 17:05:01 CEST 2013: Sauer is not online
Tue Jul  2 17:10:01 CEST 2013: Sauer is not online
Tue Jul  2 17:15:01 CEST 2013: Sauer is not online
Tue Jul  2 17:20:01 CEST 2013: Sauer is not online
Tue Jul  2 17:25:01 CEST 2013: Sauer is not online
Tue Jul  2 17:30:01 CEST 2013: Sauer is not online
Tue Jul  2 17:35:02 CEST 2013: Sauer is not online
Tue Jul  2 17:40:01 CEST 2013: Sauer is not online
Tue Jul  2 17:45:01 CEST 2013: Sauer is not online
Tue Jul  2 17:50:01 CEST 2013: Sauer is not online
Tue Jul  2 17:55:01 CEST 2013: Sauer is not online
Tue Jul  2 18:00:01 CEST 2013: Sauer is not online
Tue Jul  2 18:05:01 CEST 2013: Sauer is not online
Tue Jul  2 18:10:02 CEST 2013: Sauer is not online
Tue Jul  2 18:15:02 CEST 2013: Sauer is not online
Tue Jul  2 18:20:01 CEST 2013: Sauer is not online
Tue Jul  2 18:25:01 CEST 2013: Sauer is not online
Tue Jul  2 18:30:02 CEST 2013: Sauer is not online
Tue Jul  2 18:35:01 CEST 2013: Sauer is not online
Tue Jul  2 18:40:02 CEST 2013: Sauer is not online
Tue Jul  2 18:45:02 CEST 2013: Sauer is not online
Tue Jul  2 18:50:01 CEST 2013: Sauer is not online
Tue Jul  2 18:55:02 CEST 2013: Sauer is not online
Tue Jul  2 19:00:01 CEST 2013: Sauer is not online
Tue Jul  2 19:05:02 CEST 2013: Sauer is not online
Tue Jul  2 19:10:01 CEST 2013: Sauer is not online
Tue Jul  2 19:15:01 CEST 2013: Sauer is not online
Tue Jul  2 19:20:02 CEST 2013: Sauer is not online
Tue Jul  2 19:25:02 CEST 2013: Sauer is not online
Tue Jul  2 19:30:02 CEST 2013: Sauer is not online
Tue Jul  2 19:35:01 CEST 2013: Sauer is not online
Tue Jul  2 19:40:02 CEST 2013: Sauer is not online
Tue Jul  2 19:45:02 CEST 2013: Sauer is not online
Tue Jul  2 19:50:01 CEST 2013: Sauer is not online
Tue Jul  2 19:55:02 CEST 2013: Sauer is not online
Tue Jul  2 20:00:01 CEST 2013: Sauer is not online
Tue Jul  2 20:05:01 CEST 2013: Sauer is not online
Tue Jul  2 20:10:01 CEST 2013: Sauer is not online
Tue Jul  2 20:15:01 CEST 2013: Sauer is not online
Tue Jul  2 20:20:01 CEST 2013: Sauer is not online
Tue Jul  2 20:25:01 CEST 2013: Sauer is not online
Tue Jul  2 20:30:01 CEST 2013: Sauer is not online
Tue Jul  2 20:35:01 CEST 2013: Sauer is not online
Tue Jul  2 20:40:01 CEST 2013: Sauer is not online
Tue Jul  2 20:45:02 CEST 2013: Sauer is not online
Tue Jul  2 20:50:01 CEST 2013: Sauer is not online
Tue Jul  2 20:55:01 CEST 2013: Sauer is not online
Tue Jul  2 21:00:01 CEST 2013: Sauer is not online
Tue Jul  2 21:05:01 CEST 2013: Sauer is not online
Tue Jul  2 21:10:01 CEST 2013: Sauer is not online
Tue Jul  2 21:15:01 CEST 2013: Sauer is not online
Tue Jul  2 21:20:02 CEST 2013: Sauer is not online
Tue Jul  2 21:25:01 CEST 2013: Sauer is not online
Tue Jul  2 21:30:01 CEST 2013: Sauer is not online
Tue Jul  2 21:35:01 CEST 2013: Sauer is not online
Tue Jul  2 21:40:01 CEST 2013: Sauer is not online
Tue Jul  2 21:45:01 CEST 2013: Sauer is not online
Tue Jul  2 21:50:01 CEST 2013: Sauer is not online
Tue Jul  2 21:55:01 CEST 2013: Sauer is not online
Tue Jul  2 22:00:02 CEST 2013: Sauer is not online
Tue Jul  2 22:05:01 CEST 2013: Sauer is not online
Tue Jul  2 22:10:01 CEST 2013: Sauer is not online
Tue Jul  2 22:15:01 CEST 2013: Sauer is not online
Tue Jul  2 22:20:01 CEST 2013: Sauer is not online
Tue Jul  2 22:25:02 CEST 2013: Sauer is not online
Tue Jul  2 22:30:01 CEST 2013: Sauer is not online
Tue Jul  2 22:35:01 CEST 2013: Sauer is not online
Tue Jul  2 22:40:01 CEST 2013: Sauer is not online
Tue Jul  2 22:45:01 CEST 2013: Sauer is not online
Tue Jul  2 22:50:02 CEST 2013: Sauer is not online
Tue Jul  2 22:55:02 CEST 2013: Sauer is not online
Tue Jul  2 23:00:01 CEST 2013: Sauer is not online
Tue Jul  2 23:05:01 CEST 2013: Sauer is not online
Tue Jul  2 23:10:01 CEST 2013: Sauer is not online
Tue Jul  2 23:15:02 CEST 2013: Sauer is not online
Tue Jul  2 23:20:01 CEST 2013: Sauer is not online
Tue Jul  2 23:25:01 CEST 2013: Sauer is not online
Tue Jul  2 23:30:02 CEST 2013: Sauer is not online
Tue Jul  2 23:35:01 CEST 2013: Sauer is not online
Tue Jul  2 23:40:01 CEST 2013: Sauer is not online
Tue Jul  2 23:45:01 CEST 2013: Sauer is not online
Tue Jul  2 23:50:02 CEST 2013: Sauer is not online
Tue Jul  2 23:55:02 CEST 2013: Sauer is not online
Wed Jul  3 00:00:01 CEST 2013: Sauer is not online
Wed Jul  3 00:05:02 CEST 2013: Sauer is not online
Wed Jul  3 00:10:01 CEST 2013: Sauer is not online
Wed Jul  3 00:15:02 CEST 2013: Sauer is not online
Wed Jul  3 00:20:01 CEST 2013: Sauer is not online
Wed Jul  3 00:25:01 CEST 2013: Sauer is not online
Wed Jul  3 00:30:01 CEST 2013: Sauer is not online
Wed Jul  3 00:35:01 CEST 2013: Sauer is not online
Wed Jul  3 00:40:01 CEST 2013: Sauer is not online
Wed Jul  3 00:45:02 CEST 2013: Sauer is not online
Wed Jul  3 00:50:01 CEST 2013: Sauer is not online
Wed Jul  3 00:55:01 CEST 2013: Sauer is not online
Wed Jul  3 01:00:02 CEST 2013: Sauer is not online
Wed Jul  3 01:05:02 CEST 2013: Sauer is not online
Wed Jul  3 01:10:02 CEST 2013: Sauer is not online
Wed Jul  3 01:15:01 CEST 2013: Sauer is not online
Wed Jul  3 01:20:01 CEST 2013: Sauer is not online
Wed Jul  3 01:25:01 CEST 2013: Sauer is not online
Wed Jul  3 01:30:01 CEST 2013: Sauer is not online
Wed Jul  3 01:35:01 CEST 2013: Sauer is not online
Wed Jul  3 01:40:01 CEST 2013: Sauer is not online
Wed Jul  3 01:45:01 CEST 2013: Sauer is not online
Wed Jul  3 01:50:02 CEST 2013: Sauer is not online
Wed Jul  3 01:55:01 CEST 2013: Sauer is not online
Wed Jul  3 02:00:01 CEST 2013: Sauer is not online
Wed Jul  3 02:05:01 CEST 2013: Sauer is not online
Wed Jul  3 02:10:01 CEST 2013: Sauer is not online
Wed Jul  3 02:15:01 CEST 2013: Sauer is not online
Wed Jul  3 02:20:01 CEST 2013: Sauer is not online
Wed Jul  3 02:25:02 CEST 2013: Sauer is not online
Wed Jul  3 02:30:01 CEST 2013: Sauer is not online
Wed Jul  3 02:35:01 CEST 2013: Sauer is not online
Wed Jul  3 02:40:02 CEST 2013: Sauer is not online
Wed Jul  3 02:45:01 CEST 2013: Sauer is not online
Wed Jul  3 02:50:02 CEST 2013: Sauer is not online
Wed Jul  3 02:55:01 CEST 2013: Sauer is not online
Wed Jul  3 03:00:01 CEST 2013: Sauer is not online
Wed Jul  3 03:05:01 CEST 2013: Sauer is not online
Wed Jul  3 03:10:02 CEST 2013: Sauer is not online
Wed Jul  3 03:15:02 CEST 2013: Sauer is not online
Wed Jul  3 03:20:01 CEST 2013: Sauer is not online
Wed Jul  3 03:25:02 CEST 2013: Sauer is not online
Wed Jul  3 03:30:02 CEST 2013: Sauer is not online
Wed Jul  3 03:35:02 CEST 2013: Sauer is not online
Wed Jul  3 03:40:02 CEST 2013: Sauer is not online
Wed Jul  3 03:45:02 CEST 2013: Sauer is not online
Wed Jul  3 03:50:02 CEST 2013: Sauer is not online
Wed Jul  3 03:55:02 CEST 2013: Sauer is not online
Wed Jul  3 04:00:02 CEST 2013: Sauer is not online
Wed Jul  3 04:05:01 CEST 2013: Sauer is not online
Wed Jul  3 04:10:02 CEST 2013: Sauer is not online
Wed Jul  3 04:15:02 CEST 2013: Sauer is not online
Wed Jul  3 04:20:01 CEST 2013: Sauer is not online
Wed Jul  3 04:25:01 CEST 2013: Sauer is not online
Wed Jul  3 04:30:01 CEST 2013: Sauer is not online
Wed Jul  3 04:35:01 CEST 2013: Sauer is not online
Wed Jul  3 04:40:01 CEST 2013: Sauer is not online
Wed Jul  3 04:45:01 CEST 2013: Sauer is not online
Wed Jul  3 04:50:01 CEST 2013: Sauer is not online
Wed Jul  3 04:55:01 CEST 2013: Sauer is not online
Wed Jul  3 05:00:02 CEST 2013: Sauer is not online
Wed Jul  3 05:05:01 CEST 2013: Sauer is not online
Wed Jul  3 05:10:01 CEST 2013: Sauer is not online
Wed Jul  3 05:15:01 CEST 2013: Sauer is not online
Wed Jul  3 05:20:01 CEST 2013: Sauer is not online
Wed Jul  3 05:25:02 CEST 2013: Sauer is not online
Wed Jul  3 05:30:01 CEST 2013: Sauer is not online
Wed Jul  3 05:35:01 CEST 2013: Sauer is not online
Wed Jul  3 05:40:02 CEST 2013: Sauer is not online
Wed Jul  3 05:45:01 CEST 2013: Sauer is not online
Wed Jul  3 05:50:01 CEST 2013: Sauer is not online
Wed Jul  3 05:55:02 CEST 2013: Sauer is not online
Wed Jul  3 06:00:01 CEST 2013: Sauer is not online
Wed Jul  3 06:05:02 CEST 2013: Sauer is not online
Wed Jul  3 06:10:01 CEST 2013: Sauer is not online
Wed Jul  3 06:15:01 CEST 2013: Sauer is not online
Wed Jul  3 06:20:01 CEST 2013: Sauer is not online
Wed Jul  3 06:25:01 CEST 2013: Sauer is not online
Wed Jul  3 06:30:02 CEST 2013: Sauer is not online
Wed Jul  3 06:35:01 CEST 2013: Sauer is not online
Wed Jul  3 06:40:01 CEST 2013: Sauer is not online
Wed Jul  3 06:45:01 CEST 2013: Sauer is not online
Wed Jul  3 06:50:01 CEST 2013: Sauer is not online
Wed Jul  3 06:55:01 CEST 2013: Sauer is not online
Wed Jul  3 07:00:02 CEST 2013: Sauer is not online
Wed Jul  3 07:05:02 CEST 2013: Sauer is not online
Wed Jul  3 07:10:01 CEST 2013: Sauer is not online
Wed Jul  3 07:15:02 CEST 2013: Sauer is not online
Wed Jul  3 07:20:01 CEST 2013: Sauer is not online
Wed Jul  3 07:25:02 CEST 2013: Sauer is not online
Wed Jul  3 07:30:02 CEST 2013: Sauer is not online
Wed Jul  3 07:35:02 CEST 2013: Sauer is not online
Wed Jul  3 07:40:01 CEST 2013: Sauer is not online
Wed Jul  3 07:45:01 CEST 2013: Sauer is not online
Wed Jul  3 07:50:01 CEST 2013: Sauer is not online
Wed Jul  3 07:55:01 CEST 2013: Sauer is not online
Wed Jul  3 08:00:02 CEST 2013: Sauer is not online
Wed Jul  3 08:05:02 CEST 2013: Sauer is not online
Wed Jul  3 08:10:02 CEST 2013: Sauer is not online
Wed Jul  3 08:15:01 CEST 2013: Sauer is not online
Wed Jul  3 08:20:02 CEST 2013: Sauer is not online
Wed Jul  3 08:25:01 CEST 2013: Sauer is not online
Wed Jul  3 08:30:01 CEST 2013: Sauer is not online
Wed Jul  3 08:35:01 CEST 2013: Sauer is not online
Wed Jul  3 08:40:01 CEST 2013: Sauer is not online
Wed Jul  3 08:45:01 CEST 2013: Sauer is not online
Wed Jul  3 08:50:01 CEST 2013: Sauer is not online
Wed Jul  3 08:55:01 CEST 2013: Sauer is not online
Wed Jul  3 09:00:01 CEST 2013: Sauer is not online
Wed Jul  3 09:05:02 CEST 2013: Sauer is not online
Wed Jul  3 09:10:01 CEST 2013: Sauer is not online
Wed Jul  3 09:15:01 CEST 2013: Sauer is not online
Wed Jul  3 09:19:07 CEST 2013: Sauer is not online
Wed Jul  3 09:19:37 CEST 2013: Sauer is not online
Wed Jul  3 09:20:02 CEST 2013: Sauer is not online
Wed Jul  3 09:23:19 CEST 2013: Soyko is online: 09344:1069922:Roman Soyko - ULLI:PILOT::59.68993:30.34175:272:0:B/AN22/F:400:XUDI:FL200:XLLP:EUROPE-CE:100:1:2200:::2:I:535:538:2:15:4:55:ULLI:REG/09344 IOR/MO RF MIN/50 0.7 STS/GZ DOF/130703::0:0:0:0:::20130703052348:126:30.152:1021:
Wed Jul  3 09:24:07 CEST 2013: Soyko is online: 09344:1069922:Roman Soyko - ULLI:PILOT::59.68993:30.34175:272:0:B/AN22/F:400:XUDI:FL200:XLLP:EUROPE-CE:100:1:2200:::2:I:535:538:2:15:4:55:ULLI:REG/09344 IOR/MO RF MIN/50 0.7 STS/GZ DOF/130703::0:0:0:0:::20130703052348:126:30.152:1021:
Wed Jul  3 09:24:25 CEST 2013: Soyko is online: 09344:1069922:Roman Soyko - ULLI:PILOT::59.68993:30.34175:272:0:B/AN22/F:400:XUDI:FL200:XLLP:EUROPE-CE:100:1:2200:::2:I:535:538:2:15:4:55:ULLI:REG/09344 IOR/MO RF MIN/50 0.7 STS/GZ DOF/130703::0:0:0:0:::20130703052348:126:30.152:1021:
Wed Jul  3 09:24:36 CEST 2013: Soyko is online: 09344:1069922:Roman Soyko - ULLI:PILOT::59.68993:30.34175:272:0:B/AN22/F:400:XUDI:FL200:XLLP:EUROPE-CE:100:1:2200:::2:I:535:538:2:15:4:55:ULLI:REG/09344 IOR/MO RF MIN/50 0.7 STS/GZ DOF/130703::0:0:0:0:::20130703052348:126:30.152:1021:
Wed Jul  3 09:24:59 CEST 2013: Soyko is online: 09344:1069922:Roman Soyko - ULLI:PILOT::59.68993:30.34175:272:0:B/AN22/F:400:XUDI:FL200:XLLP:EUROPE-CE:100:1:2200:::2:I:535:538:2:15:4:55:ULLI:REG/09344 IOR/MO RF MIN/50 0.7 STS/GZ DOF/130703::0:0:0:0:::20130703052348:126:30.152:1021:
Wed Jul  3 09:25:01 CEST 2013: Soyko is online: 09344:1069922:Roman Soyko - ULLI:PILOT::59.68993:30.34175:272:0:B/AN22/F:400:XUDI:FL200:XLLP:EUROPE-CE:100:1:2200:::2:I:535:538:2:15:4:55:ULLI:REG/09344 IOR/MO RF MIN/50 0.7 STS/GZ DOF/130703::0:0:0:0:::20130703052348:126:30.152:1021:
Wed Jul  3 09:27:08 CEST 2013: Soyko is online: 09344:1069922:Roman Soyko - ULLI:PILOT::59.68993:30.34175:272:0:B/AN22/F:400:XUDI:FL200:XLLP:EUROPE-CE:100:1:2200:::2:I:535:538:2:15:4:55:ULLI:REG/09344 IOR/MO RF MIN/50 0.7 STS/GZ DOF/130703::0:0:0:0:::20130703052348:126:30.152:1021:
Wed Jul  3 09:27:35 CEST 2013: Soyko is online: 09344:1069922:Roman Soyko - ULLI:PILOT::59.68993:30.34175:272:0:B/AN22/F:400:XUDI:FL200:XLLP:EUROPE-CE:100:1:2200:::2:I:535:538:2:15:4:55:ULLI:REG/09344 IOR/MO RF MIN/50 0.7 STS/GZ DOF/130703::0:0:0:0:::20130703052348:126:30.152:1021:
Wed Jul  3 09:30:01 CEST 2013: Soyko is online: 09344:1069922:Roman Soyko - ULLI:PILOT::59.68993:30.34175:272:0:B/AN22/F:400:XUDI:FL200:XLLP:EUROPE-CE:100:1:2200:::2:I:535:538:2:15:4:55:ULLI:REG/09344 IOR/MO RF MIN/50 0.7 STS/GZ DOF/130703::0:0:0:0:::20130703052348:126:30.152:1021:
Wed Jul  3 09:35:01 CEST 2013: Soyko is online: 09344:1069922:Roman Soyko - ULLI:PILOT::59.68993:30.34175:272:0:B/AN22/F:400:XUDI:FL200:XLLP:EUROPE-CE:100:1:2200:::2:I:535:538:2:15:4:55:ULLI:REG/09344 IOR/MO RF MIN/50 0.7 STS/GZ DOF/130703::0:0:0:0:::20130703052348:126:30.152:1021:
Wed Jul  3 09:40:02 CEST 2013: Soyko is online: 09344:1069922:Roman Soyko - ULLI:PILOT::59.68993:30.34175:272:0:B/AN22/F:400:XUDI:FL200:XLLP:EUROPE-CE:100:1:2200:::2:I:535:538:2:15:4:55:ULLI:REG/09344 IOR/MO RF MIN/50 0.7 STS/GZ DOF/130703::0:0:0:0:::20130703052348:126:30.152:1021:
Wed Jul  3 09:45:01 CEST 2013: Soyko is online: 09344:1069922:Roman Soyko - ULLI:PILOT::59.68993:30.34175:272:0:B/AN22/F:400:XUDI:FL200:XLLP:EUROPE-CE:100:1:2200:::2:I:535:538:2:15:4:55:ULLI:REG/09344 IOR/MO RF MIN/50 0.7 STS/GZ DOF/130703::0:0:0:0:::20130703052348:126:30.152:1021:
Wed Jul  3 09:50:02 CEST 2013: Soyko is online: 09344:1069922:Roman Soyko - ULLI:PILOT::59.68993:30.34175:272:0:B/AN22/F:400:XUDI:FL200:XLLP:EUROPE-CE:100:1:2200:::2:I:535:538:2:15:4:55:ULLI:REG/09344 IOR/MO RF MIN/50 0.7 STS/GZ DOF/130703::0:0:0:0:::20130703052348:126:30.152:1021:
Wed Jul  3 09:55:02 CEST 2013: Soyko is online: 09344:1069922:Roman Soyko - ULLI:PILOT::59.68993:30.34175:272:0:B/AN22/F:400:XUDI:FL200:XLLP:EUROPE-CE:100:1:2200:::2:I:535:538:2:15:4:55:ULLI:REG/09344 IOR/MO RF MIN/50 0.7 STS/GZ DOF/130703::0:0:0:0:::20130703052348:126:30.152:1021:
Wed Jul  3 10:00:01 CEST 2013: Soyko is online: 09344:1069922:Roman Soyko - ULLI:PILOT::59.68993:30.34175:272:0:B/AN22/F:400:XUDI:FL200:XLLP:EUROPE-CE:100:1:2200:::2:I:535:538:2:15:4:55:ULLI:REG/09344 IOR/MO RF MIN/50 0.7 STS/GZ DOF/130703::0:0:0:0:::20130703052348:126:30.152:1021:
Wed Jul  3 10:05:01 CEST 2013: Soyko is online: 09344:1069922:Roman Soyko - ULLI:PILOT::59.68993:30.34175:272:0:B/AN22/F:400:XUDI:FL200:XLLP:EUROPE-CE:100:1:2200:::2:I:535:538:2:15:4:55:ULLI:REG/09344 IOR/MO RF MIN/50 0.7 STS/GZ DOF/130703::0:0:0:0:::20130703052348:126:30.152:1021:
Wed Jul  3 10:10:01 CEST 2013: Soyko is online: 09344:1069922:Roman Soyko - ULLI:PILOT::59.68993:30.34175:272:0:B/AN22/F:400:XUDI:FL200:XLLP:EUROPE-CE:100:1:2200:::2:I:535:538:2:15:4:55:ULLI:REG/09344 IOR/MO RF MIN/50 0.7 STS/GZ DOF/130703::0:0:0:0:::20130703052348:126:30.152:1021:
Wed Jul  3 10:15:01 CEST 2013: Soyko is online: 09344:1069922:Roman Soyko - ULLI:PILOT::50.40410:136.92489:115:0:B/AN22/F:400:XUDI:FL200:XLLP:EUROPE-CE:100:1:2200:::1:I:535:538:2:15:4:55:ULLI:REG/09344 IOR/MO RF MIN/50 0.7 STS/GZ DOF/130703::0:0:0:0:::20130703081245:260:29.843:1010:
Wed Jul  3 10:20:01 CEST 2013: Soyko is online: 09344:1069922:Roman Soyko - ULLI:PILOT::50.40410:136.92488:115:0:B/AN22/F:400:XUDI:FL200:XLLP:EUROPE-CE:100:1:2200:::1:I:535:538:2:15:4:55:ULLI:REG/09344 IOR/MO RF MIN/50 0.7 STS/GZ DOF/130703::0:0:0:0:::20130703081245:260:29.843:1010:
Wed Jul  3 10:25:01 CEST 2013: Soyko is online: 09344:1069922:Roman Soyko - ULLI:PILOT::50.40244:136.92851:115:4:B/AN22/F:400:XUDI:FL200:XLLP:EUROPE-CE:100:1:2200:::1:I:535:538:2:15:4:55:ULLI:REG/09344 IOR/MO RF MIN/50 0.7 STS/GZ DOF/130703::0:0:0:0:::20130703081245:146:29.405:995:
Wed Jul  3 10:30:01 CEST 2013: Soyko is online: 09344:1069922:Roman Soyko - ULLI:PILOT::50.47007:136.89988:1795:230:B/AN22/F:400:XUDI:FL200:XLLP:EUROPE-CE:100:1:2200:::1:I:535:538:2:15:4:55:ULLI:REG/09344 IOR/MO RF MIN/50 0.7 STS/GZ DOF/130703::0:0:0:0:::20130703081245:321:30.566:1035:
Wed Jul  3 10:35:02 CEST 2013: Soyko is online: 09344:1069922:Roman Soyko - ULLI:PILOT::50.25619:136.82856:1693:201:B/AN22/F:400:XUDI:FL200:XLLP:EUROPE-CE:100:1:2200:::1:I:535:538:2:15:4:55:ULLI:REG/09344 IOR/MO RF MIN/50 0.7 STS/GZ DOF/130703::0:0:0:0:::20130703081245:104:30.495:1032:
Wed Jul  3 10:40:02 CEST 2013: Sauer is not online
Wed Jul  3 10:45:01 CEST 2013: Sauer is not online
Wed Jul  3 10:50:01 CEST 2013: Sauer is not online
Wed Jul  3 10:55:02 CEST 2013: Sauer is not online
Wed Jul  3 11:00:01 CEST 2013: Sauer is not online
Wed Jul  3 11:05:01 CEST 2013: Sauer is not online
Wed Jul  3 11:10:02 CEST 2013: Sauer is not online
Wed Jul  3 11:15:01 CEST 2013: Sauer is not online
Wed Jul  3 11:20:02 CEST 2013: Sauer is not online
Wed Jul  3 11:25:01 CEST 2013: Sauer is not online
Wed Jul  3 11:30:02 CEST 2013: Sauer is not online
Wed Jul  3 11:35:02 CEST 2013: Sauer is not online
Wed Jul  3 11:40:01 CEST 2013: Sauer is not online
Wed Jul  3 11:45:01 CEST 2013: Sauer is not online
Wed Jul  3 11:50:02 CEST 2013: Sauer is not online
Wed Jul  3 11:55:01 CEST 2013: Sauer is not online
Wed Jul  3 12:00:01 CEST 2013: Sauer is not online
Wed Jul  3 12:15:02 CEST 2013: Sauer is not online
Wed Jul  3 12:20:02 CEST 2013: Sauer is not online
Wed Jul  3 12:05:02 CEST 2013: Sauer is not online
Wed Jul  3 12:25:01 CEST 2013: Sauer is not online
Wed Jul  3 12:10:02 CEST 2013: Sauer is not online
Wed Jul  3 12:30:02 CEST 2013: Sauer is not online
Wed Jul  3 12:40:01 CEST 2013: Sauer is not online
Wed Jul  3 12:45:01 CEST 2013: Sauer is not online
Wed Jul  3 12:50:01 CEST 2013: Sauer is not online
Wed Jul  3 12:35:01 CEST 2013: Sauer is not online
Wed Jul  3 12:55:01 CEST 2013: Sauer is not online
Wed Jul  3 13:00:01 CEST 2013: Sauer is not online
Wed Jul  3 13:05:02 CEST 2013: Sauer is not online
Wed Jul  3 13:10:01 CEST 2013: Sauer is not online
Wed Jul  3 13:15:01 CEST 2013: Sauer is not online
Wed Jul  3 13:20:01 CEST 2013: Sauer is not online
Wed Jul  3 13:23:40 CEST 2013: Sauer is not online
Wed Jul  3 13:25:01 CEST 2013: Sauer is not online
